2025-01-22 17:13:46.148098,all,[183550.5355],,2018-01-05,000:00:11,0.1
2025-01-22 17:32:26.903428,all,[183041.002],,2018-01-05,000:00:11,0.1
2025-01-22 17:45:59.509328,all,[183041.002],,2018-01-05,11.341619729995728,0.1
2025-01-22 17:50:45.510935,all,[183041.002],,2018-01-05,11.577672719955444,0.1
2025-01-22 18:04:30.332525,all,[184456.91],,2018-01-05,11.554260969161987,0.1
2025-01-22 19:11:14.533557,all,[144160.2625],,2019-08-01,11.18454885482788,0.1
2025-01-22 19:34:52.515643,all,[144160.2625],,2019-08-01,11.371731281280518,0.1
2025-01-22 19:35:03.696750,all,[144160.2625],,2019-08-02,11.18063497543335,0.1
2025-01-22 19:35:14.956410,all,[144160.2625],,2019-08-03,11.25921082496643,0.1
2025-01-22 19:35:26.162611,all,[144160.2625],,2019-08-04,11.205753564834595,0.1
2025-01-22 19:35:37.391606,all,[144160.2625],,2019-08-05,11.22857117652893,0.1
2025-01-22 19:35:48.816957,all,[144160.2625],,2019-08-06,11.424905061721802,0.1
2025-01-22 19:36:00.056622,all,[144160.2625],,2019-08-07,11.239232778549194,0.1
2025-01-22 19:36:11.321203,all,[144160.2625],,2019-08-08,11.264146327972412,0.1
2025-01-22 19:36:22.514028,all,[144160.2625],,2019-08-09,11.19237995147705,0.1
2025-01-22 19:36:33.700685,all,[144160.2625],,2019-08-10,11.1862211227417,0.1
2025-01-22 19:36:44.914439,all,[144160.2625],,2019-08-11,11.213300704956055,0.1
2025-01-22 19:36:56.178676,all,[144160.2625],,2019-08-12,11.263778924942017,0.1
2025-01-22 19:37:07.521458,all,[144160.2625],,2019-08-13,11.342315196990967,0.1
2025-01-22 19:37:18.772020,all,[144160.2625],,2019-08-14,11.250115156173706,0.1
2025-01-22 19:37:30.131103,all,[144160.2625],,2019-08-15,11.358636617660522,0.1
2025-01-22 19:37:41.791641,all,[144160.2625],,2019-08-16,11.660056114196777,0.1
2025-01-22 19:37:53.373694,all,[144160.2625],,2019-08-17,11.581584930419922,0.1
2025-01-22 19:38:05.411078,all,[144160.2625],,2019-08-18,12.036918640136719,0.1
2025-01-22 19:38:17.265786,all,[144160.2625],,2019-08-19,11.854231834411621,0.1
2025-01-22 19:38:28.632285,all,[144160.2625],,2019-08-20,11.366021394729614,0.1
2025-01-22 19:38:39.820627,all,[144160.2625],,2019-08-21,11.187865257263184,0.1
2025-01-22 19:38:50.959459,all,[144160.2625],,2019-08-22,11.138373851776123,0.1
2025-01-22 19:39:02.329096,all,[144160.2625],,2019-08-23,11.369194746017456,0.1
2025-01-22 19:39:13.491397,all,[144160.2625],,2019-08-24,11.16176438331604,0.1
2025-01-22 19:39:24.636574,all,[144160.2625],,2019-08-25,11.144734144210815,0.1
2025-01-22 19:39:35.784859,all,[144160.2625],,2019-08-26,11.147851705551147,0.1
2025-01-22 19:39:46.918759,all,[144160.2625],,2019-08-27,11.133463621139526,0.1
2025-01-22 19:39:58.041479,all,[144160.2625],,2019-08-28,11.12228512763977,0.1
2025-01-22 19:40:09.230731,all,[144160.2625],,2019-08-29,11.188796281814575,0.1
2025-01-22 19:40:20.585034,all,[144160.2625],,2019-08-30,11.353838682174683,0.1
2025-01-22 19:43:21.366838,all,[144160.2625],,2019-08-01,11.94396448135376,0.1
2025-01-22 19:43:32.881137,all,[144160.2625],,2019-08-02,11.513817071914673,0.1
2025-01-22 19:43:44.141229,all,[144160.2625],,2019-08-03,11.259594440460205,0.1
2025-01-22 19:43:55.390762,all,[144160.2625],,2019-08-04,11.24905800819397,0.1
2025-01-22 19:44:06.633088,all,[144160.2625],,2019-08-05,11.2418692111969,0.1
2025-01-22 19:50:23.687192,all,[144160.2625],,2019-08-01,11.304899215698242,0.1
2025-01-22 19:51:44.074972,all,[144160.2625],,2019-08-01,11.524474859237671,0.1
2025-01-22 19:59:50.809880,all,[144160.2625],,2019-08-01,11.309908390045166,0.1
2025-01-22 20:01:46.385679,all,[144160.2625],,2019-08-01,11.29021143913269,0.1
2025-01-22 20:02:58.450480,all,[144160.2625],,2019-08-01,11.200474500656128,0.1
2025-01-22 20:03:09.637524,all,[144160.2625],,2019-08-02,11.186589241027832,0.1
2025-01-22 20:03:20.856142,all,[144160.2625],,2019-08-03,11.218171119689941,0.1
2025-01-22 20:03:32.508190,all,[144160.2625],,2019-08-04,11.651590824127197,0.1
2025-01-22 20:03:43.811879,all,[144160.2625],,2019-08-05,11.303246974945068,0.1
2025-01-22 20:03:55.046816,all,[144160.2625],,2019-08-06,11.234401941299438,0.1
2025-01-22 20:04:06.330767,all,[144160.2625],,2019-08-07,11.28347659111023,0.1
2025-01-22 20:04:17.540311,all,[144160.2625],,2019-08-08,11.209088325500488,0.1
2025-01-22 20:04:29.139753,all,[144160.2625],,2019-08-09,11.598977327346802,0.1
2025-01-22 20:04:40.742626,all,[144160.2625],,2019-08-10,11.602367162704468,0.1
2025-01-22 20:08:10.485471,all,[144160.2625],,2019-08-01,11.419756412506104,0.1
2025-01-22 20:09:13.892490,singapore,[0.],,2019-08-01,11.348917245864868,0.1
2025-01-22 20:10:02.265536,france,[1695.96466667],,2019-08-01,11.92112398147583,0.1
2025-01-22 20:18:33.244033,france,[1695.96466667],,2019-08-01,11.838058233261108,0.1
2025-01-22 20:18:44.738400,france,[1695.96466667],,2019-08-02,11.493850708007812,0.1
2025-01-22 20:19:41.147846,united_kingdom,[124324.2934],,2019-08-01,11.128601551055908,0.1
2025-01-22 20:19:52.416403,united_kingdom,[124324.2934],,2019-08-02,11.268059730529785,0.1
2025-01-22 20:22:55.292605,united_kingdom,[124324.2934],,2019-08-01,11.580708980560303,0.1
2025-01-22 20:23:06.812743,united_kingdom,[124324.2934],,2019-08-02,11.519529581069946,0.1
2025-01-22 20:32:25.540432,united_kingdom,[124324.2934],,2019-08-01,11.599655866622925,0.1
2025-01-22 20:32:37.147513,united_kingdom,[124324.2934],,2019-08-02,11.606585264205933,0.1
2025-01-22 20:32:48.739223,united_kingdom,[124324.2934],,2019-08-03,11.5912446975708,0.1
2025-01-22 20:33:00.296363,united_kingdom,[124324.2934],,2019-08-04,11.55667757987976,0.1
2025-01-22 20:33:11.912524,united_kingdom,[124324.2934],,2019-08-05,11.615712404251099,0.1
2025-01-22 20:33:23.096576,united_kingdom,[124324.2934],,2019-08-06,11.18354868888855,0.1
2025-01-22 20:33:34.549652,united_kingdom,[124324.2934],,2019-08-07,11.452552318572998,0.1
2025-01-22 20:33:46.090818,united_kingdom,[124324.2934],,2019-08-08,11.54051685333252,0.1
2025-01-22 20:33:57.770609,united_kingdom,[124324.2934],,2019-08-09,11.679296970367432,0.1
2025-01-22 20:34:09.402509,united_kingdom,[124324.2934],,2019-08-10,11.631448984146118,0.1
2025-01-22 20:34:20.990567,united_kingdom,[124324.2934],,2019-08-11,11.587604522705078,0.1
2025-01-22 20:34:32.513422,united_kingdom,[124324.2934],,2019-08-12,11.522359848022461,0.1
2025-01-22 20:34:44.085641,united_kingdom,[124324.2934],,2019-08-13,11.571692943572998,0.1
2025-01-22 20:34:55.683442,united_kingdom,[124324.2934],,2019-08-14,11.597320318222046,0.1
2025-01-22 20:35:07.264164,united_kingdom,[124324.2934],,2019-08-15,11.580270767211914,0.1
2025-01-22 20:35:18.898082,united_kingdom,[124324.2934],,2019-08-16,11.633471250534058,0.1
2025-01-22 20:35:30.640452,united_kingdom,[124324.2934],,2019-08-17,11.741917610168457,0.1
2025-01-22 20:35:42.341644,united_kingdom,[124324.2934],,2019-08-18,11.700743436813354,0.1
2025-01-22 20:35:54.048577,united_kingdom,[124324.2934],,2019-08-19,11.706475496292114,0.1
2025-01-22 20:36:05.865267,united_kingdom,[124324.2934],,2019-08-20,11.816226243972778,0.1
2025-01-22 20:36:17.172375,united_kingdom,[124324.2934],,2019-08-21,11.306628227233887,0.1
2025-01-22 20:36:28.707678,united_kingdom,[124324.2934],,2019-08-22,11.534799575805664,0.1
2025-01-22 20:36:39.852017,united_kingdom,[124324.2934],,2019-08-23,11.143784046173096,0.1
2025-01-22 20:36:50.982684,united_kingdom,[124324.2934],,2019-08-24,11.130188465118408,0.1
2025-01-22 20:37:02.492026,united_kingdom,[124324.2934],,2019-08-25,11.508619785308838,0.1
2025-01-22 20:37:14.127826,united_kingdom,[124324.2934],,2019-08-26,11.635239124298096,0.1
2025-01-22 20:37:25.564390,united_kingdom,[124324.2934],,2019-08-27,11.436098337173462,0.1
2025-01-22 20:37:37.186110,united_kingdom,[124324.2934],,2019-08-28,11.621263980865479,0.1
2025-01-22 20:37:48.437105,united_kingdom,[124324.2934],,2019-08-29,11.25050973892212,0.1
2025-01-22 20:38:00.099617,united_kingdom,[124324.2934],,2019-08-30,11.661988019943237,0.1
2025-01-22 21:31:48.843864,all,[143457.49010379],,2019-08-01,11.856094360351562,0.1
2025-01-22 21:32:00.540942,all,[143457.49010379],,2019-08-02,11.69571328163147,0.1
2025-01-22 21:32:12.348541,all,[143457.49010379],,2019-08-03,11.806187152862549,0.1
2025-01-22 21:32:24.100189,all,[143457.49010379],,2019-08-04,11.750123023986816,0.1
2025-01-22 21:32:36.420197,all,[143457.49010379],,2019-08-05,12.318531274795532,0.1
2025-01-22 21:33:10.809525,united_kingdom,[127241.70424474],,2019-08-01,12.01329493522644,0.1
2025-01-22 21:33:22.948713,united_kingdom,[127241.70424474],,2019-08-02,12.137768745422363,0.1
2025-01-22 21:33:35.034147,united_kingdom,[127241.70424474],,2019-08-03,12.084022283554077,0.1
2025-01-22 21:33:47.066933,united_kingdom,[127241.70424474],,2019-08-04,12.03128981590271,0.1
2025-01-22 21:33:59.312141,united_kingdom,[127241.70424474],,2019-08-05,12.243766784667969,0.1
2025-01-22 21:34:11.565148,united_kingdom,[127241.70424474],,2019-08-06,12.251547574996948,0.1
2025-01-22 21:34:23.628960,united_kingdom,[127241.70424474],,2019-08-07,12.062340259552002,0.1
2025-01-22 21:34:35.826302,united_kingdom,[127241.70424474],,2019-08-08,12.195884227752686,0.1
2025-01-22 21:34:47.998418,united_kingdom,[127241.70424474],,2019-08-09,12.170576810836792,0.1
2025-01-22 21:35:00.133168,united_kingdom,[127241.70424474],,2019-08-10,12.133272647857666,0.1
2025-01-22 21:35:12.049448,united_kingdom,[127241.70424474],,2019-08-11,11.914770364761353,0.1
2025-01-22 21:35:23.990301,united_kingdom,[127241.70424474],,2019-08-12,11.939403772354126,0.1
2025-01-22 21:35:35.975498,united_kingdom,[127241.70424474],,2019-08-13,11.983749628067017,0.1
2025-01-22 21:35:48.234976,united_kingdom,[127241.70424474],,2019-08-14,12.258013248443604,0.1
2025-01-22 21:36:00.270023,united_kingdom,[127241.70424474],,2019-08-15,12.033552169799805,0.1
2025-01-22 21:36:12.478648,united_kingdom,[127241.70424474],,2019-08-16,12.207173109054565,0.1
2025-01-22 21:36:24.836356,united_kingdom,[127241.70424474],,2019-08-17,12.356253147125244,0.1
2025-01-22 21:36:36.763840,united_kingdom,[127241.70424474],,2019-08-18,11.926034450531006,0.1
2025-01-22 21:36:48.701141,united_kingdom,[127241.70424474],,2019-08-19,11.93585729598999,0.1
2025-01-22 21:37:00.597011,united_kingdom,[127241.70424474],,2019-08-20,11.894428730010986,0.1
2025-01-22 21:37:12.852316,united_kingdom,[127241.70424474],,2019-08-21,12.253883123397827,0.1
2025-01-22 21:37:24.899798,united_kingdom,[127241.70424474],,2019-08-22,12.04601263999939,0.1
2025-01-22 21:37:36.914804,united_kingdom,[127241.70424474],,2019-08-23,12.01356840133667,0.1
2025-01-22 21:37:49.057241,united_kingdom,[127241.70424474],,2019-08-24,12.141020059585571,0.1
2025-01-22 21:38:01.371444,united_kingdom,[127241.70424474],,2019-08-25,12.312785148620605,0.1
2025-01-22 21:38:13.346117,united_kingdom,[127241.70424474],,2019-08-26,11.973215341567993,0.1
2025-01-22 21:38:25.420600,united_kingdom,[127241.70424474],,2019-08-27,12.073026180267334,0.1
2025-01-22 21:38:37.476310,united_kingdom,[127241.70424474],,2019-08-28,12.054258584976196,0.1
2025-01-22 21:38:49.492376,united_kingdom,[127241.70424474],,2019-08-29,12.014640808105469,0.1
2025-01-22 21:39:01.497055,united_kingdom,[127241.70424474],,2019-08-30,12.003214120864868,0.1
2025-01-22 22:45:38.679789,united_kingdom,[127241.70424474],,2019-08-01,11.90541672706604,0.1
2025-01-22 22:45:50.626137,united_kingdom,[127241.70424474],,2019-08-02,11.944648742675781,0.1
2025-01-22 22:46:02.441687,united_kingdom,[127241.70424474],,2019-08-03,11.814108848571777,0.1
2025-01-22 22:46:14.359074,united_kingdom,[127241.70424474],,2019-08-04,11.915961742401123,0.1
2025-01-22 22:46:26.490673,united_kingdom,[127241.70424474],,2019-08-05,12.129977941513062,0.1
2025-01-22 22:46:38.555319,united_kingdom,[127241.70424474],,2019-08-06,12.062950849533081,0.1
2025-01-22 22:46:50.639781,united_kingdom,[127241.70424474],,2019-08-07,12.082978010177612,0.1
2025-01-22 22:47:02.552756,united_kingdom,[127241.70424474],,2019-08-08,11.911494970321655,0.1
2025-01-22 22:47:14.121550,united_kingdom,[127241.70424474],,2019-08-09,11.567325115203857,0.1
2025-01-22 22:47:25.784896,united_kingdom,[127241.70424474],,2019-08-10,11.66188907623291,0.1
2025-01-22 22:47:37.298451,united_kingdom,[127241.70424474],,2019-08-11,11.511886358261108,0.1
2025-01-22 22:47:48.912906,united_kingdom,[127241.70424474],,2019-08-12,11.61279010772705,0.1
2025-01-22 22:48:00.426326,united_kingdom,[127241.70424474],,2019-08-13,11.511898040771484,0.1
2025-01-22 22:48:11.934837,united_kingdom,[127241.70424474],,2019-08-14,11.507094621658325,0.1
2025-01-22 22:48:23.443012,united_kingdom,[127241.70424474],,2019-08-15,11.506726741790771,0.1
2025-01-22 22:48:34.935427,united_kingdom,[127241.70424474],,2019-08-16,11.490886688232422,0.1
2025-01-22 22:48:46.900071,united_kingdom,[127241.70424474],,2019-08-17,11.962954998016357,0.1
2025-01-22 22:48:58.441353,united_kingdom,[127241.70424474],,2019-08-18,11.539804697036743,0.1
2025-01-22 22:49:10.349864,united_kingdom,[127241.70424474],,2019-08-19,11.90690016746521,0.1
2025-01-22 22:49:22.248215,united_kingdom,[127241.70424474],,2019-08-20,11.896894216537476,0.1
2025-01-22 22:49:34.129553,united_kingdom,[127241.70424474],,2019-08-21,11.879814386367798,0.1
2025-01-22 22:49:45.954239,united_kingdom,[127241.70424474],,2019-08-22,11.823250770568848,0.1
2025-01-22 22:49:57.866054,united_kingdom,[127241.70424474],,2019-08-23,11.910292387008667,0.1
2025-01-22 22:50:09.828716,united_kingdom,[127241.70424474],,2019-08-24,11.961122512817383,0.1
2025-01-22 22:50:21.716879,united_kingdom,[127241.70424474],,2019-08-25,11.886665344238281,0.1
2025-01-22 22:50:33.626727,united_kingdom,[127241.70424474],,2019-08-26,11.908372402191162,0.1
2025-01-22 22:50:45.583609,united_kingdom,[127241.70424474],,2019-08-27,11.955440282821655,0.1
2025-01-22 22:50:57.456910,united_kingdom,[127241.70424474],,2019-08-28,11.871328592300415,0.1
2025-01-22 22:51:09.278160,united_kingdom,[127241.70424474],,2019-08-29,11.819779634475708,0.1
2025-01-22 22:51:21.126233,united_kingdom,[127241.70424474],,2019-08-30,11.846577405929565,0.1
2025-01-23 11:07:43.822318,united_kingdom,[[39.925076]],,2019-08-01,144.8275487422943,0.1
2025-01-23 11:10:11.491694,united_kingdom,[[39.925076]],,2019-08-02,147.6674575805664,0.1
2025-01-23 11:12:37.414158,united_kingdom,[[39.925076]],,2019-08-03,145.92057371139526,0.1
2025-01-23 11:15:43.909310,united_kingdom,[[39.925076]],,2019-08-01,145.52539658546448,0.1
2025-01-23 11:18:13.203328,united_kingdom,[[39.925076]],,2019-08-02,149.29179286956787,0.1
2025-01-23 11:20:44.668594,united_kingdom,[[39.925076]],,2019-08-03,151.46332550048828,0.1
2025-01-23 11:23:11.960756,united_kingdom,[[39.925076]],,2019-08-04,147.28988218307495,0.1
2025-01-23 11:25:40.135624,united_kingdom,[[39.925076]],,2019-08-05,148.17297101020813,0.1
2025-01-23 12:03:27.940802,united_kingdom,[[0.18694988]],,2019-08-01,142.23872017860413,0.1
2025-01-23 12:05:53.393484,united_kingdom,[[0.18694988]],,2019-08-02,145.45055150985718,0.1
2025-01-23 12:08:19.723691,united_kingdom,[[0.18694988]],,2019-08-03,146.32834768295288,0.1
2025-01-23 12:10:46.246444,united_kingdom,[[0.18694988]],,2019-08-04,146.52067685127258,0.1
2025-01-23 12:13:10.959979,united_kingdom,[[0.18694988]],,2019-08-05,144.71136331558228,0.1
2025-01-23 13:00:57.953425,united_kingdom,[[0.7657531]],,2019-08-01,146.22891497612,0.1
2025-01-23 13:03:30.265327,united_kingdom,[[0.7657531]],,2019-08-02,152.30987071990967,0.1
2025-01-23 13:06:02.281583,united_kingdom,[[0.7657531]],,2019-08-03,152.01433515548706,0.1
2025-01-23 13:08:32.630679,united_kingdom,[[0.7657531]],,2019-08-04,150.34694027900696,0.1
2025-01-23 13:11:02.989407,united_kingdom,[[0.7657531]],,2019-08-05,150.3568594455719,0.1
2025-01-23 13:56:59.689741,united_kingdom,[[0.7657531]],,2019-08-01,148.76843929290771,0.1
2025-01-23 13:59:28.535830,united_kingdom,[[0.7657531]],,2019-08-02,148.84416270256042,0.1
2025-01-23 14:02:00.330144,united_kingdom,[[0.7657531]],,2019-08-03,151.7923333644867,0.1
2025-01-23 14:04:31.703425,united_kingdom,[[0.7657531]],,2019-08-04,151.37090301513672,0.1
2025-01-23 14:07:02.616609,united_kingdom,[[0.7657531]],,2019-08-05,150.91133379936218,0.1
2025-01-23 14:34:18.994716,united_kingdom,[[0.7657531]],,2019-08-01,146.59072518348694,0.1
2025-01-23 14:36:43.532644,united_kingdom,[[0.7657531]],,2019-08-02,144.53601503372192,0.1
2025-01-23 14:39:10.752282,united_kingdom,[[0.7657531]],,2019-08-03,147.21714234352112,0.1
2025-01-23 14:41:36.237571,united_kingdom,[[0.7657531]],,2019-08-04,145.48322820663452,0.1
2025-01-23 14:44:01.873140,united_kingdom,[[0.7657531]],,2019-08-05,145.63366532325745,0.1
