2025-01-22 21:26:55.827512,france,"('2017-11-29', '2019-05-31')",{'rmse': 603},000:00:23,0.1,supervised learing model for time-series
2025-01-22 21:27:18.843060,eire,"('2017-11-29', '2019-05-31')",{'rmse': 1470},000:00:23,0.1,supervised learing model for time-series
2025-01-22 21:27:40.250537,portugal,"('2017-11-29', '2019-05-31')",{'rmse': 149},000:00:21,0.1,supervised learing model for time-series
2025-01-22 21:28:03.828302,all,"('2017-11-29', '2019-05-31')",{'rmse': 18070},000:00:23,0.1,supervised learing model for time-series
2025-01-22 21:28:26.508845,netherlands,"('2017-11-30', '2019-05-31')",{'rmse': 130},000:00:22,0.1,supervised learing model for time-series
2025-01-22 21:28:45.906578,singapore,"('2018-04-25', '2019-05-12')",{'rmse': 2351},000:00:19,0.1,supervised learing model for time-series
2025-01-22 21:29:05.890433,norway,"('2017-12-05', '2019-05-11')",{'rmse': 75},000:00:19,0.1,supervised learing model for time-series
2025-01-22 21:29:29.166272,germany,"('2017-11-29', '2019-05-31')",{'rmse': 498},000:00:23,0.1,supervised learing model for time-series
2025-01-22 21:29:53.011011,united_kingdom,"('2017-11-29', '2019-05-31')",{'rmse': 17654},000:00:23,0.1,supervised learing model for time-series
2025-01-22 21:30:12.629322,hong_kong,"('2018-04-19', '2019-05-01')",{'rmse': 850},000:00:19,0.1,supervised learing model for time-series
2025-01-22 21:30:34.754404,spain,"('2017-12-01', '2019-05-31')",{'rmse': 161},000:00:22,0.1,supervised learing model for time-series
2025-01-22 22:39:33.431411,france,"('2017-11-29', '2019-05-31')",{'rmse': 603},000:00:36,0.1,supervised learing model for time-series
2025-01-22 22:40:08.871765,eire,"('2017-11-29', '2019-05-31')",{'rmse': 1470},000:00:35,0.1,supervised learing model for time-series
2025-01-22 22:40:40.825846,portugal,"('2017-11-29', '2019-05-31')",{'rmse': 149},000:00:31,0.1,supervised learing model for time-series
2025-01-22 22:41:18.038403,all,"('2017-11-29', '2019-05-31')",{'rmse': 18070},000:00:37,0.1,supervised learing model for time-series
2025-01-22 22:41:52.572275,netherlands,"('2017-11-30', '2019-05-31')",{'rmse': 111},000:00:34,0.1,supervised learing model for time-series
2025-01-22 22:42:19.857111,singapore,"('2018-04-25', '2019-05-12')",{'rmse': 2351},000:00:27,0.1,supervised learing model for time-series
2025-01-22 22:42:48.634455,norway,"('2017-12-05', '2019-05-11')",{'rmse': 72},000:00:28,0.1,supervised learing model for time-series
2025-01-22 22:43:25.374422,germany,"('2017-11-29', '2019-05-31')",{'rmse': 510},000:00:36,0.1,supervised learing model for time-series
2025-01-22 22:44:03.289674,united_kingdom,"('2017-11-29', '2019-05-31')",{'rmse': 18574},000:00:37,0.1,supervised learing model for time-series
2025-01-22 22:44:31.190052,hong_kong,"('2018-04-19', '2019-05-01')",{'rmse': 850},000:00:27,0.1,supervised learing model for time-series
2025-01-22 22:45:05.112025,spain,"('2017-12-01', '2019-05-31')",{'rmse': 161},000:00:33,0.1,supervised learing model for time-series
2025-01-23 10:48:49.296283,france,"('2017-11-29', '2019-05-31')",{'rmse': 113},000:00:45,0.1,supervised learning model for time-series
2025-01-23 10:49:33.988859,eire,"('2017-11-29', '2019-05-31')",{'rmse': 165},000:00:44,0.1,supervised learning model for time-series
2025-01-23 10:50:18.504000,portugal,"('2017-11-29', '2019-05-31')",{'rmse': 17},000:00:44,0.1,supervised learning model for time-series
2025-01-23 10:51:02.434851,all,"('2017-11-29', '2019-05-31')",{'rmse': 7390},000:00:43,0.1,supervised learning model for time-series
2025-01-23 10:51:46.297984,netherlands,"('2017-11-30', '2019-05-31')",{'rmse': 39},000:00:43,0.1,supervised learning model for time-series
2025-01-23 10:52:19.317623,singapore,"('2018-04-25', '2019-05-12')",{'rmse': 9},000:00:33,0.1,supervised learning model for time-series
2025-01-23 10:52:58.928274,norway,"('2017-12-05', '2019-05-11')",{'rmse': 31},000:00:39,0.1,supervised learning model for time-series
2025-01-23 10:53:41.777731,germany,"('2017-11-29', '2019-05-31')",{'rmse': 155},000:00:42,0.1,supervised learning model for time-series
2025-01-23 10:54:25.665698,united_kingdom,"('2017-11-29', '2019-05-31')",{'rmse': 6499},000:00:43,0.1,supervised learning model for time-series
2025-01-23 10:54:59.900261,hong_kong,"('2018-04-19', '2019-05-01')",{'rmse': 9},000:00:34,0.1,supervised learning model for time-series
2025-01-23 10:55:43.612721,spain,"('2017-12-01', '2019-05-31')",{'rmse': 20},000:00:43,0.1,supervised learning model for time-series
2025-01-23 11:53:24.935132,france,"('2017-11-29', '2019-05-31')",{'rmse': 1027},000:00:45,0.1,supervised learning model for time-series
2025-01-23 11:54:13.333283,eire,"('2017-11-29', '2019-05-31')",{'rmse': 4142},000:00:48,0.1,supervised learning model for time-series
2025-01-23 11:54:59.583682,portugal,"('2017-11-29', '2019-05-31')",{'rmse': 1712},000:00:46,0.1,supervised learning model for time-series
2025-01-23 11:55:44.888616,all,"('2017-11-29', '2019-05-31')",{'rmse': 82910},000:00:45,0.1,supervised learning model for time-series
2025-01-23 11:56:40.108173,netherlands,"('2017-11-30', '2019-05-31')",{'rmse': 356},000:00:55,0.1,supervised learning model for time-series
2025-01-23 11:57:15.092959,singapore,"('2018-04-25', '2019-05-12')",{'rmse': 4285},000:00:34,0.1,supervised learning model for time-series
2025-01-23 11:57:53.711645,norway,"('2017-12-05', '2019-05-11')",{'rmse': 445},000:00:38,0.1,supervised learning model for time-series
2025-01-23 11:58:44.564774,germany,"('2017-11-29', '2019-05-31')",{'rmse': 936},000:00:50,0.1,supervised learning model for time-series
2025-01-23 11:59:30.432176,united_kingdom,"('2017-11-29', '2019-05-31')",{'rmse': 81634},000:00:45,0.1,supervised learning model for time-series
2025-01-23 12:00:05.142822,hong_kong,"('2018-04-19', '2019-05-01')",{'rmse': 3043},000:00:34,0.1,supervised learning model for time-series
2025-01-23 12:00:56.018086,spain,"('2017-12-01', '2019-05-31')",{'rmse': 1156},000:00:50,0.1,supervised learning model for time-series
2025-01-23 12:32:16.010168,france,"('2017-11-29', '2019-05-31')",{'rmse': 1030},000:00:22,0.1,supervised learning model for time-series
2025-01-23 12:32:39.486317,eire,"('2017-11-29', '2019-05-31')",{'rmse': 4074},000:00:23,0.1,supervised learning model for time-series
2025-01-23 12:33:02.594500,portugal,"('2017-11-29', '2019-05-31')",{'rmse': 1695},000:00:23,0.1,supervised learning model for time-series
2025-01-23 12:33:24.209159,all,"('2017-11-29', '2019-05-31')",{'rmse': 82886},000:00:21,0.1,supervised learning model for time-series
2025-01-23 12:33:48.679567,netherlands,"('2017-11-30', '2019-05-31')",{'rmse': 358},000:00:24,0.1,supervised learning model for time-series
2025-01-23 12:34:09.999112,singapore,"('2018-04-25', '2019-05-12')",{'rmse': 4351},000:00:21,0.1,supervised learning model for time-series
2025-01-23 12:34:30.802675,norway,"('2017-12-05', '2019-05-11')",{'rmse': 439},000:00:20,0.1,supervised learning model for time-series
2025-01-23 12:34:53.007191,germany,"('2017-11-29', '2019-05-31')",{'rmse': 902},000:00:22,0.1,supervised learning model for time-series
2025-01-23 12:35:14.924414,united_kingdom,"('2017-11-29', '2019-05-31')",{'rmse': 81229},000:00:21,0.1,supervised learning model for time-series
2025-01-23 12:35:34.760529,hong_kong,"('2018-04-19', '2019-05-01')",{'rmse': 2945},000:00:19,0.1,supervised learning model for time-series
2025-01-23 12:35:57.847006,spain,"('2017-12-01', '2019-05-31')",{'rmse': 1093},000:00:23,0.1,supervised learning model for time-series
2025-01-23 12:50:45.716736,france,"('2017-11-29', '2019-05-31')",{'rmse': 1023},000:00:24,0.1,supervised learning model for time-series
2025-01-23 12:51:14.338392,eire,"('2017-11-29', '2019-05-31')",{'rmse': 4096},000:00:28,0.1,supervised learning model for time-series
2025-01-23 12:51:42.042610,portugal,"('2017-11-29', '2019-05-31')",{'rmse': 1705},000:00:27,0.1,supervised learning model for time-series
2025-01-23 12:52:13.133092,all,"('2017-11-29', '2019-05-31')",{'rmse': 82711},000:00:31,0.1,supervised learning model for time-series
2025-01-23 12:52:48.173761,netherlands,"('2017-11-30', '2019-05-31')",{'rmse': 355},000:00:35,0.1,supervised learning model for time-series
2025-01-23 12:53:10.978482,singapore,"('2018-04-25', '2019-05-12')",{'rmse': 4285},000:00:22,0.1,supervised learning model for time-series
2025-01-23 12:53:34.457487,norway,"('2017-12-05', '2019-05-11')",{'rmse': 446},000:00:23,0.1,supervised learning model for time-series
2025-01-23 12:53:58.908774,germany,"('2017-11-29', '2019-05-31')",{'rmse': 939},000:00:24,0.1,supervised learning model for time-series
2025-01-23 12:54:26.924312,united_kingdom,"('2017-11-29', '2019-05-31')",{'rmse': 81688},000:00:28,0.1,supervised learning model for time-series
2025-01-23 12:54:48.277314,hong_kong,"('2018-04-19', '2019-05-01')",{'rmse': 3055},000:00:21,0.1,supervised learning model for time-series
2025-01-23 12:55:13.866480,spain,"('2017-12-01', '2019-05-31')",{'rmse': 1144},000:00:25,0.1,supervised learning model for time-series
2025-01-23 13:19:24.498262,france,"('2017-11-29', '2019-05-31')",{'rmse': 120},000:00:56,0.1,supervised learning model for time-series
2025-01-23 13:20:21.384369,eire,"('2017-11-29', '2019-05-31')",{'rmse': 181},000:00:56,0.1,supervised learning model for time-series
2025-01-23 13:21:18.534842,portugal,"('2017-11-29', '2019-05-31')",{'rmse': 15},000:00:57,0.1,supervised learning model for time-series
2025-01-23 13:22:15.904653,all,"('2017-11-29', '2019-05-31')",{'rmse': 7627},000:00:57,0.1,supervised learning model for time-series
2025-01-23 13:23:13.137742,netherlands,"('2017-11-30', '2019-05-31')",{'rmse': 43},000:00:57,0.1,supervised learning model for time-series
2025-01-23 14:24:49.367473,france,"('2017-11-29', '2019-05-31')",{'rmse': 2402},000:00:46,0.1,supervised learning model for time-series
2025-01-23 14:25:21.328518,eire,"('2017-11-29', '2019-05-31')",{'rmse': 2501},000:00:31,0.1,supervised learning model for time-series
2025-01-23 14:26:16.987861,portugal,"('2017-11-29', '2019-05-31')",{'rmse': 382},000:00:55,0.1,supervised learning model for time-series
2025-01-23 14:27:12.793005,all,"('2017-11-29', '2019-05-31')",{'rmse': 159152},000:00:55,0.1,supervised learning model for time-series
2025-01-23 14:27:51.004729,netherlands,"('2017-11-30', '2019-05-31')",{'rmse': 413},000:00:38,0.1,supervised learning model for time-series
2025-01-23 14:28:18.934962,singapore,"('2018-04-25', '2019-05-12')",{'rmse': 1},000:00:27,0.1,supervised learning model for time-series
2025-01-23 14:28:43.573205,norway,"('2017-12-05', '2019-05-11')",{'rmse': 5},000:00:24,0.1,supervised learning model for time-series
2025-01-23 14:29:20.637438,germany,"('2017-11-29', '2019-05-31')",{'rmse': 1629},000:00:37,0.1,supervised learning model for time-series
2025-01-23 14:29:54.214831,united_kingdom,"('2017-11-29', '2019-05-31')",{'rmse': 170933},000:00:33,0.1,supervised learning model for time-series
2025-01-23 14:30:16.682416,hong_kong,"('2018-04-19', '2019-05-01')",{'rmse': 3},000:00:22,0.1,supervised learning model for time-series
2025-01-23 14:31:39.534664,spain,"('2017-12-01', '2019-05-31')",{'rmse': 501},000:01:22,0.1,supervised learning model for time-series
